<?xml version="1.0" encoding="UTF-8"?>
<testsuite name="loremipsum.AppTest" tests="1" skipped="0" failures="0" errors="0" timestamp="2023-10-06T14:26:43" hostname="Mohamads-Air.attlocal.net" time="0.01">
  <properties/>
  <testcase name="appHasAGreeting()" classname="loremipsum.AppTest" time="0.01"/>
  <system-out><![CDATA[]]></system-out>
  <system-err><![CDATA[]]></system-err>
</testsuite>
